# JRE version: Java(TM) SE Runtime Environment (12.0.2+10) (build 12.0.2+10)
# Java VM: Java HotSpot(TM) 64-Bit Server VM (12.0.2+10, mixed mode, sharing, tiered, compressed oops, g1 gc, windows-amd64)
Heap:
 garbage-first heap   total 168960K, used 62099K [0x0000000081200000, 0x0000000100000000)
  region size 1024K, 4 young (4096K), 2 survivors (2048K)
 Metaspace       used 21064K, capacity 21519K, committed 21760K, reserved 1069056K
  class space    used 2278K, capacity 2463K, committed 2560K, reserved 1048576K
GC Heap History (10 events):
Event: 26.913 GC heap before
{Heap before GC invocations=114 (full 0):
 garbage-first heap   total 168960K, used 78928K [0x0000000081200000, 0x0000000100000000)
  region size 1024K, 6 young (6144K), 3 survivors (3072K)
 Metaspace       used 20958K, capacity 21426K, committed 21760K, reserved 1069056K
  class space    used 2267K, capacity 2453K, committed 2560K, reserved 1048576K
}
Event: 26.915 GC heap after
{Heap after GC invocations=115 (full 0):
 garbage-first heap   total 168960K, used 57324K [0x0000000081200000, 0x0000000100000000)
  region size 1024K, 3 young (3072K), 3 survivors (3072K)
 Metaspace       used 20958K, capacity 21426K, committed 21760K, reserved 1069056K
  class space    used 2267K, capacity 2453K, committed 2560K, reserved 1048576K
}
Event: 27.268 GC heap before
{Heap before GC invocations=116 (full 0):
 garbage-first heap   total 168960K, used 77804K [0x0000000081200000, 0x0000000100000000)
  region size 1024K, 5 young (5120K), 3 survivors (3072K)
 Metaspace       used 20961K, capacity 21426K, committed 21760K, reserved 1069056K
  class space    used 2267K, capacity 2453K, committed 2560K, reserved 1048576K
}
Event: 27.270 GC heap after
{Heap after GC invocations=117 (full 0):
 garbage-first heap   total 168960K, used 57770K [0x0000000081200000, 0x0000000100000000)
  region size 1024K, 3 young (3072K), 3 survivors (3072K)
 Metaspace       used 20961K, capacity 21426K, committed 21760K, reserved 1069056K
  class space    used 2267K, capacity 2453K, committed 2560K, reserved 1048576K
}
Event: 27.648 GC heap before
{Heap before GC invocations=118 (full 0):
 garbage-first heap   total 168960K, used 78250K [0x0000000081200000, 0x0000000100000000)
  region size 1024K, 5 young (5120K), 3 survivors (3072K)
 Metaspace       used 20963K, capacity 21426K, committed 21760K, reserved 1069056K
  class space    used 2267K, capacity 2453K, committed 2560K, reserved 1048576K
}
Event: 27.650 GC heap after
{Heap after GC invocations=119 (full 0):
 garbage-first heap   total 168960K, used 57351K [0x0000000081200000, 0x0000000100000000)
  region size 1024K, 3 young (3072K), 3 survivors (3072K)
 Metaspace       used 20963K, capacity 21426K, committed 21760K, reserved 1069056K
  class space    used 2267K, capacity 2453K, committed 2560K, reserved 1048576K
}
Event: 28.091 GC heap before
{Heap before GC invocations=120 (full 0):
 garbage-first heap   total 168960K, used 78855K [0x0000000081200000, 0x0000000100000000)
  region size 1024K, 6 young (6144K), 3 survivors (3072K)
 Metaspace       used 20989K, capacity 21426K, committed 21760K, reserved 1069056K
  class space    used 2267K, capacity 2453K, committed 2560K, reserved 1048576K
}
Event: 28.093 GC heap after
{Heap after GC invocations=121 (full 0):
 garbage-first heap   total 168960K, used 57841K [0x0000000081200000, 0x0000000100000000)
  region size 1024K, 3 young (3072K), 3 survivors (3072K)
 Metaspace       used 20989K, capacity 21426K, committed 21760K, reserved 1069056K
  class space    used 2267K, capacity 2453K, committed 2560K, reserved 1048576K
}
Event: 28.675 GC heap before
{Heap before GC invocations=122 (full 0):
 garbage-first heap   total 168960K, used 78321K [0x0000000081200000, 0x0000000100000000)
  region size 1024K, 5 young (5120K), 3 survivors (3072K)
 Metaspace       used 21013K, capacity 21490K, committed 21760K, reserved 1069056K
  class space    used 2268K, capacity 2453K, committed 2560K, reserved 1048576K
}
Event: 28.678 GC heap after
{Heap after GC invocations=123 (full 0):
 garbage-first heap   total 168960K, used 56979K [0x0000000081200000, 0x0000000100000000)
  region size 1024K, 2 young (2048K), 2 survivors (2048K)
 Metaspace       used 21013K, capacity 21490K, committed 21760K, reserved 1069056K
  class space    used 2268K, capacity 2453K, committed 2560K, reserved 1048576K
}

